E0920 07:18:43.351483     471 dev.go:79] Failed to load initial config from "/home/user/studio/config/firebase/dataconnect": could not find dataconnect.yaml in `/home/user/studio/config/firebase/dataconnect`
E0920 07:18:43.351947     471 watch.go:102] watchAllDir unable to walk dir `/home/user/studio/config/firebase/dataconnect`: lstat /home/user/studio/config/firebase/dataconnect: no such file or directory
I0920 07:18:43.382647     471 dev.go:102] Listening on address (HTTP + gRPC): 127.0.0.1:50001
E0920 07:18:53.355784     471 watch.go:31] Failed to load config from "/home/user/studio/config/firebase/dataconnect": could not find dataconnect.yaml in `/home/user/studio/config/firebase/dataconnect`
E0920 07:19:03.368497     471 watch.go:31] Failed to load config from "/home/user/studio/config/firebase/dataconnect": could not find dataconnect.yaml in `/home/user/studio/config/firebase/dataconnect`
E0920 07:19:13.353371     471 watch.go:31] Failed to load config from "/home/user/studio/config/firebase/dataconnect": could not find dataconnect.yaml in `/home/user/studio/config/firebase/dataconnect`
E0920 07:19:23.360704     471 watch.go:31] Failed to load config from "/home/user/studio/config/firebase/dataconnect": could not find dataconnect.yaml in `/home/user/studio/config/firebase/dataconnect`
E0920 07:19:33.362367     471 watch.go:31] Failed to load config from "/home/user/studio/config/firebase/dataconnect": could not find dataconnect.yaml in `/home/user/studio/config/firebase/dataconnect`
E0920 07:19:43.352660     471 watch.go:31] Failed to load config from "/home/user/studio/config/firebase/dataconnect": could not find dataconnect.yaml in `/home/user/studio/config/firebase/dataconnect`
E0920 07:19:53.361828     471 watch.go:31] Failed to load config from "/home/user/studio/config/firebase/dataconnect": could not find dataconnect.yaml in `/home/user/studio/config/firebase/dataconnect`
E0920 07:20:03.361872     471 watch.go:31] Failed to load config from "/home/user/studio/config/firebase/dataconnect": could not find dataconnect.yaml in `/home/user/studio/config/firebase/dataconnect`
E0920 07:20:13.352374     471 watch.go:31] Failed to load config from "/home/user/studio/config/firebase/dataconnect": could not find dataconnect.yaml in `/home/user/studio/config/firebase/dataconnect`
E0920 07:20:23.358939     471 watch.go:31] Failed to load config from "/home/user/studio/config/firebase/dataconnect": could not find dataconnect.yaml in `/home/user/studio/config/firebase/dataconnect`
E0920 07:20:33.364711     471 watch.go:31] Failed to load config from "/home/user/studio/config/firebase/dataconnect": could not find dataconnect.yaml in `/home/user/studio/config/firebase/dataconnect`
E0920 07:20:43.352677     471 watch.go:31] Failed to load config from "/home/user/studio/config/firebase/dataconnect": could not find dataconnect.yaml in `/home/user/studio/config/firebase/dataconnect`
E0920 07:20:43.352809     471 watch.go:102] watchAllDir unable to walk dir `/home/user/studio/config/firebase/dataconnect`: lstat /home/user/studio/config/firebase/dataconnect: no such file or directory
E0920 07:20:53.352758     471 watch.go:31] Failed to load config from "/home/user/studio/config/firebase/dataconnect": could not find dataconnect.yaml in `/home/user/studio/config/firebase/dataconnect`
E0920 07:21:03.361736     471 watch.go:31] Failed to load config from "/home/user/studio/config/firebase/dataconnect": could not find dataconnect.yaml in `/home/user/studio/config/firebase/dataconnect`
E0920 07:21:13.368225     471 watch.go:31] Failed to load config from "/home/user/studio/config/firebase/dataconnect": could not find dataconnect.yaml in `/home/user/studio/config/firebase/dataconnect`
E0920 07:21:23.360856     471 watch.go:31] Failed to load config from "/home/user/studio/config/firebase/dataconnect": could not find dataconnect.yaml in `/home/user/studio/config/firebase/dataconnect`
E0920 07:21:33.362093     471 watch.go:31] Failed to load config from "/home/user/studio/config/firebase/dataconnect": could not find dataconnect.yaml in `/home/user/studio/config/firebase/dataconnect`
E0920 07:21:43.352957     471 watch.go:31] Failed to load config from "/home/user/studio/config/firebase/dataconnect": could not find dataconnect.yaml in `/home/user/studio/config/firebase/dataconnect`
E0920 07:21:53.356075     471 watch.go:31] Failed to load config from "/home/user/studio/config/firebase/dataconnect": could not find dataconnect.yaml in `/home/user/studio/config/firebase/dataconnect`
E0920 07:22:03.360753     471 watch.go:31] Failed to load config from "/home/user/studio/config/firebase/dataconnect": could not find dataconnect.yaml in `/home/user/studio/config/firebase/dataconnect`
E0920 07:22:13.353055     471 watch.go:31] Failed to load config from "/home/user/studio/config/firebase/dataconnect": could not find dataconnect.yaml in `/home/user/studio/config/firebase/dataconnect`
E0920 07:22:23.361364     471 watch.go:31] Failed to load config from "/home/user/studio/config/firebase/dataconnect": could not find dataconnect.yaml in `/home/user/studio/config/firebase/dataconnect`
E0920 07:22:33.355874     471 watch.go:31] Failed to load config from "/home/user/studio/config/firebase/dataconnect": could not find dataconnect.yaml in `/home/user/studio/config/firebase/dataconnect`
E0920 07:22:43.352973     471 watch.go:31] Failed to load config from "/home/user/studio/config/firebase/dataconnect": could not find dataconnect.yaml in `/home/user/studio/config/firebase/dataconnect`
E0920 07:22:43.353023     471 watch.go:102] watchAllDir unable to walk dir `/home/user/studio/config/firebase/dataconnect`: lstat /home/user/studio/config/firebase/dataconnect: no such file or directory
E0920 07:22:53.352841     471 watch.go:31] Failed to load config from "/home/user/studio/config/firebase/dataconnect": could not find dataconnect.yaml in `/home/user/studio/config/firebase/dataconnect`
E0920 07:23:03.360792     471 watch.go:31] Failed to load config from "/home/user/studio/config/firebase/dataconnect": could not find dataconnect.yaml in `/home/user/studio/config/firebase/dataconnect`
E0920 07:23:13.354543     471 watch.go:31] Failed to load config from "/home/user/studio/config/firebase/dataconnect": could not find dataconnect.yaml in `/home/user/studio/config/firebase/dataconnect`
E0920 07:23:23.355741     471 watch.go:31] Failed to load config from "/home/user/studio/config/firebase/dataconnect": could not find dataconnect.yaml in `/home/user/studio/config/firebase/dataconnect`
E0920 07:23:33.362060     471 watch.go:31] Failed to load config from "/home/user/studio/config/firebase/dataconnect": could not find dataconnect.yaml in `/home/user/studio/config/firebase/dataconnect`
E0920 07:23:43.352411     471 watch.go:31] Failed to load config from "/home/user/studio/config/firebase/dataconnect": could not find dataconnect.yaml in `/home/user/studio/config/firebase/dataconnect`
E0920 07:23:53.361737     471 watch.go:31] Failed to load config from "/home/user/studio/config/firebase/dataconnect": could not find dataconnect.yaml in `/home/user/studio/config/firebase/dataconnect`
E0920 07:24:03.361941     471 watch.go:31] Failed to load config from "/home/user/studio/config/firebase/dataconnect": could not find dataconnect.yaml in `/home/user/studio/config/firebase/dataconnect`
E0920 07:24:13.352266     471 watch.go:31] Failed to load config from "/home/user/studio/config/firebase/dataconnect": could not find dataconnect.yaml in `/home/user/studio/config/firebase/dataconnect`
E0920 07:24:23.352860     471 watch.go:31] Failed to load config from "/home/user/studio/config/firebase/dataconnect": could not find dataconnect.yaml in `/home/user/studio/config/firebase/dataconnect`
E0920 07:24:33.360738     471 watch.go:31] Failed to load config from "/home/user/studio/config/firebase/dataconnect": could not find dataconnect.yaml in `/home/user/studio/config/firebase/dataconnect`
E0920 07:24:43.353015     471 watch.go:31] Failed to load config from "/home/user/studio/config/firebase/dataconnect": could not find dataconnect.yaml in `/home/user/studio/config/firebase/dataconnect`
E0920 07:24:43.353122     471 watch.go:102] watchAllDir unable to walk dir `/home/user/studio/config/firebase/dataconnect`: lstat /home/user/studio/config/firebase/dataconnect: no such file or directory
E0920 07:24:53.360871     471 watch.go:31] Failed to load config from "/home/user/studio/config/firebase/dataconnect": could not find dataconnect.yaml in `/home/user/studio/config/firebase/dataconnect`
E0920 07:25:03.353730     471 watch.go:31] Failed to load config from "/home/user/studio/config/firebase/dataconnect": could not find dataconnect.yaml in `/home/user/studio/config/firebase/dataconnect`
E0920 07:25:13.353072     471 watch.go:31] Failed to load config from "/home/user/studio/config/firebase/dataconnect": could not find dataconnect.yaml in `/home/user/studio/config/firebase/dataconnect`
E0920 07:25:23.361797     471 watch.go:31] Failed to load config from "/home/user/studio/config/firebase/dataconnect": could not find dataconnect.yaml in `/home/user/studio/config/firebase/dataconnect`
E0920 07:25:33.361819     471 watch.go:31] Failed to load config from "/home/user/studio/config/firebase/dataconnect": could not find dataconnect.yaml in `/home/user/studio/config/firebase/dataconnect`
E0920 07:25:43.353169     471 watch.go:31] Failed to load config from "/home/user/studio/config/firebase/dataconnect": could not find dataconnect.yaml in `/home/user/studio/config/firebase/dataconnect`
E0920 07:25:53.356160     471 watch.go:31] Failed to load config from "/home/user/studio/config/firebase/dataconnect": could not find dataconnect.yaml in `/home/user/studio/config/firebase/dataconnect`
E0920 07:26:03.361809     471 watch.go:31] Failed to load config from "/home/user/studio/config/firebase/dataconnect": could not find dataconnect.yaml in `/home/user/studio/config/firebase/dataconnect`
E0920 07:26:13.353170     471 watch.go:31] Failed to load config from "/home/user/studio/config/firebase/dataconnect": could not find dataconnect.yaml in `/home/user/studio/config/firebase/dataconnect`
E0920 07:26:23.355267     471 watch.go:31] Failed to load config from "/home/user/studio/config/firebase/dataconnect": could not find dataconnect.yaml in `/home/user/studio/config/firebase/dataconnect`
E0920 07:26:33.361491     471 watch.go:31] Failed to load config from "/home/user/studio/config/firebase/dataconnect": could not find dataconnect.yaml in `/home/user/studio/config/firebase/dataconnect`
E0920 07:26:43.352974     471 watch.go:31] Failed to load config from "/home/user/studio/config/firebase/dataconnect": could not find dataconnect.yaml in `/home/user/studio/config/firebase/dataconnect`
E0920 07:26:43.353038     471 watch.go:102] watchAllDir unable to walk dir `/home/user/studio/config/firebase/dataconnect`: lstat /home/user/studio/config/firebase/dataconnect: no such file or directory
E0920 07:26:53.355630     471 watch.go:31] Failed to load config from "/home/user/studio/config/firebase/dataconnect": could not find dataconnect.yaml in `/home/user/studio/config/firebase/dataconnect`
E0920 07:27:03.360824     471 watch.go:31] Failed to load config from "/home/user/studio/config/firebase/dataconnect": could not find dataconnect.yaml in `/home/user/studio/config/firebase/dataconnect`
E0920 07:27:13.352394     471 watch.go:31] Failed to load config from "/home/user/studio/config/firebase/dataconnect": could not find dataconnect.yaml in `/home/user/studio/config/firebase/dataconnect`
E0920 07:27:23.361992     471 watch.go:31] Failed to load config from "/home/user/studio/config/firebase/dataconnect": could not find dataconnect.yaml in `/home/user/studio/config/firebase/dataconnect`
E0920 07:27:33.362101     471 watch.go:31] Failed to load config from "/home/user/studio/config/firebase/dataconnect": could not find dataconnect.yaml in `/home/user/studio/config/firebase/dataconnect`
E0920 07:27:43.353107     471 watch.go:31] Failed to load config from "/home/user/studio/config/firebase/dataconnect": could not find dataconnect.yaml in `/home/user/studio/config/firebase/dataconnect`
E0920 07:27:53.361401     471 watch.go:31] Failed to load config from "/home/user/studio/config/firebase/dataconnect": could not find dataconnect.yaml in `/home/user/studio/config/firebase/dataconnect`
E0920 07:28:03.352443     471 watch.go:31] Failed to load config from "/home/user/studio/config/firebase/dataconnect": could not find dataconnect.yaml in `/home/user/studio/config/firebase/dataconnect`
E0920 07:28:13.353079     471 watch.go:31] Failed to load config from "/home/user/studio/config/firebase/dataconnect": could not find dataconnect.yaml in `/home/user/studio/config/firebase/dataconnect`
E0920 07:28:23.361381     471 watch.go:31] Failed to load config from "/home/user/studio/config/firebase/dataconnect": could not find dataconnect.yaml in `/home/user/studio/config/firebase/dataconnect`
E0920 07:28:33.355608     471 watch.go:31] Failed to load config from "/home/user/studio/config/firebase/dataconnect": could not find dataconnect.yaml in `/home/user/studio/config/firebase/dataconnect`
E0920 07:28:43.353393     471 watch.go:31] Failed to load config from "/home/user/studio/config/firebase/dataconnect": could not find dataconnect.yaml in `/home/user/studio/config/firebase/dataconnect`
E0920 07:28:43.353451     471 watch.go:102] watchAllDir unable to walk dir `/home/user/studio/config/firebase/dataconnect`: lstat /home/user/studio/config/firebase/dataconnect: no such file or directory
E0920 07:28:53.354405     471 watch.go:31] Failed to load config from "/home/user/studio/config/firebase/dataconnect": could not find dataconnect.yaml in `/home/user/studio/config/firebase/dataconnect`
E0920 07:29:03.355663     471 watch.go:31] Failed to load config from "/home/user/studio/config/firebase/dataconnect": could not find dataconnect.yaml in `/home/user/studio/config/firebase/dataconnect`
E0920 07:29:13.352820     471 watch.go:31] Failed to load config from "/home/user/studio/config/firebase/dataconnect": could not find dataconnect.yaml in `/home/user/studio/config/firebase/dataconnect`
E0920 07:29:23.359779     471 watch.go:31] Failed to load config from "/home/user/studio/config/firebase/dataconnect": could not find dataconnect.yaml in `/home/user/studio/config/firebase/dataconnect`
E0920 07:29:33.352369     471 watch.go:31] Failed to load config from "/home/user/studio/config/firebase/dataconnect": could not find dataconnect.yaml in `/home/user/studio/config/firebase/dataconnect`
E0920 07:29:43.353046     471 watch.go:31] Failed to load config from "/home/user/studio/config/firebase/dataconnect": could not find dataconnect.yaml in `/home/user/studio/config/firebase/dataconnect`
E0920 07:29:53.362223     471 watch.go:31] Failed to load config from "/home/user/studio/config/firebase/dataconnect": could not find dataconnect.yaml in `/home/user/studio/config/firebase/dataconnect`
E0920 07:30:03.357784     471 watch.go:31] Failed to load config from "/home/user/studio/config/firebase/dataconnect": could not find dataconnect.yaml in `/home/user/studio/config/firebase/dataconnect`
E0920 07:30:13.353234     471 watch.go:31] Failed to load config from "/home/user/studio/config/firebase/dataconnect": could not find dataconnect.yaml in `/home/user/studio/config/firebase/dataconnect`
E0920 07:30:23.360762     471 watch.go:31] Failed to load config from "/home/user/studio/config/firebase/dataconnect": could not find dataconnect.yaml in `/home/user/studio/config/firebase/dataconnect`
E0920 07:30:33.355833     471 watch.go:31] Failed to load config from "/home/user/studio/config/firebase/dataconnect": could not find dataconnect.yaml in `/home/user/studio/config/firebase/dataconnect`
E0920 07:30:43.352357     471 watch.go:31] Failed to load config from "/home/user/studio/config/firebase/dataconnect": could not find dataconnect.yaml in `/home/user/studio/config/firebase/dataconnect`
E0920 07:30:43.352413     471 watch.go:102] watchAllDir unable to walk dir `/home/user/studio/config/firebase/dataconnect`: lstat /home/user/studio/config/firebase/dataconnect: no such file or directory
E0920 07:30:53.361479     471 watch.go:31] Failed to load config from "/home/user/studio/config/firebase/dataconnect": could not find dataconnect.yaml in `/home/user/studio/config/firebase/dataconnect`
E0920 07:31:03.361749     471 watch.go:31] Failed to load config from "/home/user/studio/config/firebase/dataconnect": could not find dataconnect.yaml in `/home/user/studio/config/firebase/dataconnect`
E0920 07:31:13.352998     471 watch.go:31] Failed to load config from "/home/user/studio/config/firebase/dataconnect": could not find dataconnect.yaml in `/home/user/studio/config/firebase/dataconnect`
E0920 07:31:23.352880     471 watch.go:31] Failed to load config from "/home/user/studio/config/firebase/dataconnect": could not find dataconnect.yaml in `/home/user/studio/config/firebase/dataconnect`
E0920 07:31:33.352393     471 watch.go:31] Failed to load config from "/home/user/studio/config/firebase/dataconnect": could not find dataconnect.yaml in `/home/user/studio/config/firebase/dataconnect`
E0920 07:31:43.353104     471 watch.go:31] Failed to load config from "/home/user/studio/config/firebase/dataconnect": could not find dataconnect.yaml in `/home/user/studio/config/firebase/dataconnect`
E0920 07:31:53.352439     471 watch.go:31] Failed to load config from "/home/user/studio/config/firebase/dataconnect": could not find dataconnect.yaml in `/home/user/studio/config/firebase/dataconnect`
E0920 07:32:03.355648     471 watch.go:31] Failed to load config from "/home/user/studio/config/firebase/dataconnect": could not find dataconnect.yaml in `/home/user/studio/config/firebase/dataconnect`
E0920 07:32:13.353149     471 watch.go:31] Failed to load config from "/home/user/studio/config/firebase/dataconnect": could not find dataconnect.yaml in `/home/user/studio/config/firebase/dataconnect`
E0920 07:32:23.361843     471 watch.go:31] Failed to load config from "/home/user/studio/config/firebase/dataconnect": could not find dataconnect.yaml in `/home/user/studio/config/firebase/dataconnect`
E0920 07:32:33.356185     471 watch.go:31] Failed to load config from "/home/user/studio/config/firebase/dataconnect": could not find dataconnect.yaml in `/home/user/studio/config/firebase/dataconnect`
E0920 07:32:43.353044     471 watch.go:31] Failed to load config from "/home/user/studio/config/firebase/dataconnect": could not find dataconnect.yaml in `/home/user/studio/config/firebase/dataconnect`
E0920 07:32:43.353099     471 watch.go:102] watchAllDir unable to walk dir `/home/user/studio/config/firebase/dataconnect`: lstat /home/user/studio/config/firebase/dataconnect: no such file or directory
E0920 07:32:53.360833     471 watch.go:31] Failed to load config from "/home/user/studio/config/firebase/dataconnect": could not find dataconnect.yaml in `/home/user/studio/config/firebase/dataconnect`
E0920 07:33:03.361804     471 watch.go:31] Failed to load config from "/home/user/studio/config/firebase/dataconnect": could not find dataconnect.yaml in `/home/user/studio/config/firebase/dataconnect`
E0920 07:33:13.353128     471 watch.go:31] Failed to load config from "/home/user/studio/config/firebase/dataconnect": could not find dataconnect.yaml in `/home/user/studio/config/firebase/dataconnect`
E0920 07:33:23.352376     471 watch.go:31] Failed to load config from "/home/user/studio/config/firebase/dataconnect": could not find dataconnect.yaml in `/home/user/studio/config/firebase/dataconnect`
E0920 07:33:33.352780     471 watch.go:31] Failed to load config from "/home/user/studio/config/firebase/dataconnect": could not find dataconnect.yaml in `/home/user/studio/config/firebase/dataconnect`
E0920 07:33:43.353004     471 watch.go:31] Failed to load config from "/home/user/studio/config/firebase/dataconnect": could not find dataconnect.yaml in `/home/user/studio/config/firebase/dataconnect`
E0920 07:33:53.361298     471 watch.go:31] Failed to load config from "/home/user/studio/config/firebase/dataconnect": could not find dataconnect.yaml in `/home/user/studio/config/firebase/dataconnect`
E0920 07:34:03.355664     471 watch.go:31] Failed to load config from "/home/user/studio/config/firebase/dataconnect": could not find dataconnect.yaml in `/home/user/studio/config/firebase/dataconnect`
E0920 07:34:13.352929     471 watch.go:31] Failed to load config from "/home/user/studio/config/firebase/dataconnect": could not find dataconnect.yaml in `/home/user/studio/config/firebase/dataconnect`
E0920 07:34:23.361856     471 watch.go:31] Failed to load config from "/home/user/studio/config/firebase/dataconnect": could not find dataconnect.yaml in `/home/user/studio/config/firebase/dataconnect`
E0920 07:34:33.361810     471 watch.go:31] Failed to load config from "/home/user/studio/config/firebase/dataconnect": could not find dataconnect.yaml in `/home/user/studio/config/firebase/dataconnect`
E0920 07:34:43.353026     471 watch.go:31] Failed to load config from "/home/user/studio/config/firebase/dataconnect": could not find dataconnect.yaml in `/home/user/studio/config/firebase/dataconnect`
E0920 07:34:43.353081     471 watch.go:102] watchAllDir unable to walk dir `/home/user/studio/config/firebase/dataconnect`: lstat /home/user/studio/config/firebase/dataconnect: no such file or directory
E0920 07:34:53.360737     471 watch.go:31] Failed to load config from "/home/user/studio/config/firebase/dataconnect": could not find dataconnect.yaml in `/home/user/studio/config/firebase/dataconnect`
E0920 07:35:03.361857     471 watch.go:31] Failed to load config from "/home/user/studio/config/firebase/dataconnect": could not find dataconnect.yaml in `/home/user/studio/config/firebase/dataconnect`
E0920 07:35:13.353068     471 watch.go:31] Failed to load config from "/home/user/studio/config/firebase/dataconnect": could not find dataconnect.yaml in `/home/user/studio/config/firebase/dataconnect`
E0920 07:35:23.360768     471 watch.go:31] Failed to load config from "/home/user/studio/config/firebase/dataconnect": could not find dataconnect.yaml in `/home/user/studio/config/firebase/dataconnect`
E0920 07:35:33.358318     471 watch.go:31] Failed to load config from "/home/user/studio/config/firebase/dataconnect": could not find dataconnect.yaml in `/home/user/studio/config/firebase/dataconnect`
E0920 07:35:43.352402     471 watch.go:31] Failed to load config from "/home/user/studio/config/firebase/dataconnect": could not find dataconnect.yaml in `/home/user/studio/config/firebase/dataconnect`
E0920 07:35:53.355657     471 watch.go:31] Failed to load config from "/home/user/studio/config/firebase/dataconnect": could not find dataconnect.yaml in `/home/user/studio/config/firebase/dataconnect`
E0920 07:36:03.361893     471 watch.go:31] Failed to load config from "/home/user/studio/config/firebase/dataconnect": could not find dataconnect.yaml in `/home/user/studio/config/firebase/dataconnect`
E0920 07:36:13.353105     471 watch.go:31] Failed to load config from "/home/user/studio/config/firebase/dataconnect": could not find dataconnect.yaml in `/home/user/studio/config/firebase/dataconnect`
E0920 07:36:23.352817     471 watch.go:31] Failed to load config from "/home/user/studio/config/firebase/dataconnect": could not find dataconnect.yaml in `/home/user/studio/config/firebase/dataconnect`
E0920 07:36:33.361988     471 watch.go:31] Failed to load config from "/home/user/studio/config/firebase/dataconnect": could not find dataconnect.yaml in `/home/user/studio/config/firebase/dataconnect`
E0920 07:36:43.353132     471 watch.go:31] Failed to load config from "/home/user/studio/config/firebase/dataconnect": could not find dataconnect.yaml in `/home/user/studio/config/firebase/dataconnect`
E0920 07:36:43.353193     471 watch.go:102] watchAllDir unable to walk dir `/home/user/studio/config/firebase/dataconnect`: lstat /home/user/studio/config/firebase/dataconnect: no such file or directory
E0920 07:36:53.361457     471 watch.go:31] Failed to load config from "/home/user/studio/config/firebase/dataconnect": could not find dataconnect.yaml in `/home/user/studio/config/firebase/dataconnect`
E0920 07:37:03.355700     471 watch.go:31] Failed to load config from "/home/user/studio/config/firebase/dataconnect": could not find dataconnect.yaml in `/home/user/studio/config/firebase/dataconnect`
E0920 07:37:13.353014     471 watch.go:31] Failed to load config from "/home/user/studio/config/firebase/dataconnect": could not find dataconnect.yaml in `/home/user/studio/config/firebase/dataconnect`
E0920 07:37:23.361955     471 watch.go:31] Failed to load config from "/home/user/studio/config/firebase/dataconnect": could not find dataconnect.yaml in `/home/user/studio/config/firebase/dataconnect`
E0920 07:37:33.355855     471 watch.go:31] Failed to load config from "/home/user/studio/config/firebase/dataconnect": could not find dataconnect.yaml in `/home/user/studio/config/firebase/dataconnect`
E0920 07:37:43.352900     471 watch.go:31] Failed to load config from "/home/user/studio/config/firebase/dataconnect": could not find dataconnect.yaml in `/home/user/studio/config/firebase/dataconnect`
E0920 07:37:53.352521     471 watch.go:31] Failed to load config from "/home/user/studio/config/firebase/dataconnect": could not find dataconnect.yaml in `/home/user/studio/config/firebase/dataconnect`
E0920 07:38:03.361874     471 watch.go:31] Failed to load config from "/home/user/studio/config/firebase/dataconnect": could not find dataconnect.yaml in `/home/user/studio/config/firebase/dataconnect`
E0920 07:38:13.353280     471 watch.go:31] Failed to load config from "/home/user/studio/config/firebase/dataconnect": could not find dataconnect.yaml in `/home/user/studio/config/firebase/dataconnect`
E0920 07:38:23.361595     471 watch.go:31] Failed to load config from "/home/user/studio/config/firebase/dataconnect": could not find dataconnect.yaml in `/home/user/studio/config/firebase/dataconnect`
E0920 07:38:33.360840     471 watch.go:31] Failed to load config from "/home/user/studio/config/firebase/dataconnect": could not find dataconnect.yaml in `/home/user/studio/config/firebase/dataconnect`
E0920 07:38:43.352250     471 watch.go:31] Failed to load config from "/home/user/studio/config/firebase/dataconnect": could not find dataconnect.yaml in `/home/user/studio/config/firebase/dataconnect`
E0920 07:38:43.352313     471 watch.go:102] watchAllDir unable to walk dir `/home/user/studio/config/firebase/dataconnect`: lstat /home/user/studio/config/firebase/dataconnect: no such file or directory
E0920 07:38:53.360725     471 watch.go:31] Failed to load config from "/home/user/studio/config/firebase/dataconnect": could not find dataconnect.yaml in `/home/user/studio/config/firebase/dataconnect`
E0920 07:39:03.361838     471 watch.go:31] Failed to load config from "/home/user/studio/config/firebase/dataconnect": could not find dataconnect.yaml in `/home/user/studio/config/firebase/dataconnect`
E0920 07:39:13.353209     471 watch.go:31] Failed to load config from "/home/user/studio/config/firebase/dataconnect": could not find dataconnect.yaml in `/home/user/studio/config/firebase/dataconnect`
E0920 07:39:23.361847     471 watch.go:31] Failed to load config from "/home/user/studio/config/firebase/dataconnect": could not find dataconnect.yaml in `/home/user/studio/config/firebase/dataconnect`
E0920 07:39:33.361712     471 watch.go:31] Failed to load config from "/home/user/studio/config/firebase/dataconnect": could not find dataconnect.yaml in `/home/user/studio/config/firebase/dataconnect`
E0920 07:39:43.353160     471 watch.go:31] Failed to load config from "/home/user/studio/config/firebase/dataconnect": could not find dataconnect.yaml in `/home/user/studio/config/firebase/dataconnect`
E0920 07:39:53.393972     471 watch.go:31] Failed to load config from "/home/user/studio/config/firebase/dataconnect": could not find dataconnect.yaml in `/home/user/studio/config/firebase/dataconnect`
E0920 07:40:03.352432     471 watch.go:31] Failed to load config from "/home/user/studio/config/firebase/dataconnect": could not find dataconnect.yaml in `/home/user/studio/config/firebase/dataconnect`
E0920 07:40:13.353061     471 watch.go:31] Failed to load config from "/home/user/studio/config/firebase/dataconnect": could not find dataconnect.yaml in `/home/user/studio/config/firebase/dataconnect`
E0920 07:40:23.361386     471 watch.go:31] Failed to load config from "/home/user/studio/config/firebase/dataconnect": could not find dataconnect.yaml in `/home/user/studio/config/firebase/dataconnect`
E0920 07:40:33.355708     471 watch.go:31] Failed to load config from "/home/user/studio/config/firebase/dataconnect": could not find dataconnect.yaml in `/home/user/studio/config/firebase/dataconnect`
E0920 07:40:43.352837     471 watch.go:31] Failed to load config from "/home/user/studio/config/firebase/dataconnect": could not find dataconnect.yaml in `/home/user/studio/config/firebase/dataconnect`
E0920 07:40:43.352911     471 watch.go:102] watchAllDir unable to walk dir `/home/user/studio/config/firebase/dataconnect`: lstat /home/user/studio/config/firebase/dataconnect: no such file or directory
E0920 07:40:53.355720     471 watch.go:31] Failed to load config from "/home/user/studio/config/firebase/dataconnect": could not find dataconnect.yaml in `/home/user/studio/config/firebase/dataconnect`
E0920 07:41:03.355838     471 watch.go:31] Failed to load config from "/home/user/studio/config/firebase/dataconnect": could not find dataconnect.yaml in `/home/user/studio/config/firebase/dataconnect`
E0920 07:41:13.353262     471 watch.go:31] Failed to load config from "/home/user/studio/config/firebase/dataconnect": could not find dataconnect.yaml in `/home/user/studio/config/firebase/dataconnect`
E0920 07:41:23.353808     471 watch.go:31] Failed to load config from "/home/user/studio/config/firebase/dataconnect": could not find dataconnect.yaml in `/home/user/studio/config/firebase/dataconnect`
E0920 07:41:33.355611     471 watch.go:31] Failed to load config from "/home/user/studio/config/firebase/dataconnect": could not find dataconnect.yaml in `/home/user/studio/config/firebase/dataconnect`
E0920 07:41:43.352814     471 watch.go:31] Failed to load config from "/home/user/studio/config/firebase/dataconnect": could not find dataconnect.yaml in `/home/user/studio/config/firebase/dataconnect`
E0920 07:41:53.361601     471 watch.go:31] Failed to load config from "/home/user/studio/config/firebase/dataconnect": could not find dataconnect.yaml in `/home/user/studio/config/firebase/dataconnect`
E0920 07:42:03.352872     471 watch.go:31] Failed to load config from "/home/user/studio/config/firebase/dataconnect": could not find dataconnect.yaml in `/home/user/studio/config/firebase/dataconnect`
E0920 07:42:13.352697     471 watch.go:31] Failed to load config from "/home/user/studio/config/firebase/dataconnect": could not find dataconnect.yaml in `/home/user/studio/config/firebase/dataconnect`
E0920 07:42:23.355655     471 watch.go:31] Failed to load config from "/home/user/studio/config/firebase/dataconnect": could not find dataconnect.yaml in `/home/user/studio/config/firebase/dataconnect`
E0920 07:42:33.358552     471 watch.go:31] Failed to load config from "/home/user/studio/config/firebase/dataconnect": could not find dataconnect.yaml in `/home/user/studio/config/firebase/dataconnect`
E0920 07:42:43.353065     471 watch.go:31] Failed to load config from "/home/user/studio/config/firebase/dataconnect": could not find dataconnect.yaml in `/home/user/studio/config/firebase/dataconnect`
E0920 07:42:43.353132     471 watch.go:102] watchAllDir unable to walk dir `/home/user/studio/config/firebase/dataconnect`: lstat /home/user/studio/config/firebase/dataconnect: no such file or directory
E0920 07:42:53.361418     471 watch.go:31] Failed to load config from "/home/user/studio/config/firebase/dataconnect": could not find dataconnect.yaml in `/home/user/studio/config/firebase/dataconnect`
E0920 07:43:03.360762     471 watch.go:31] Failed to load config from "/home/user/studio/config/firebase/dataconnect": could not find dataconnect.yaml in `/home/user/studio/config/firebase/dataconnect`
E0920 07:43:13.353854     471 watch.go:31] Failed to load config from "/home/user/studio/config/firebase/dataconnect": could not find dataconnect.yaml in `/home/user/studio/config/firebase/dataconnect`
E0920 07:43:23.360796     471 watch.go:31] Failed to load config from "/home/user/studio/config/firebase/dataconnect": could not find dataconnect.yaml in `/home/user/studio/config/firebase/dataconnect`
E0920 07:43:33.361746     471 watch.go:31] Failed to load config from "/home/user/studio/config/firebase/dataconnect": could not find dataconnect.yaml in `/home/user/studio/config/firebase/dataconnect`
E0920 07:43:43.353247     471 watch.go:31] Failed to load config from "/home/user/studio/config/firebase/dataconnect": could not find dataconnect.yaml in `/home/user/studio/config/firebase/dataconnect`
E0920 07:43:53.355730     471 watch.go:31] Failed to load config from "/home/user/studio/config/firebase/dataconnect": could not find dataconnect.yaml in `/home/user/studio/config/firebase/dataconnect`
E0920 07:44:03.361756     471 watch.go:31] Failed to load config from "/home/user/studio/config/firebase/dataconnect": could not find dataconnect.yaml in `/home/user/studio/config/firebase/dataconnect`
E0920 07:44:13.352289     471 watch.go:31] Failed to load config from "/home/user/studio/config/firebase/dataconnect": could not find dataconnect.yaml in `/home/user/studio/config/firebase/dataconnect`
E0920 07:44:23.361636     471 watch.go:31] Failed to load config from "/home/user/studio/config/firebase/dataconnect": could not find dataconnect.yaml in `/home/user/studio/config/firebase/dataconnect`
E0920 07:44:33.355666     471 watch.go:31] Failed to load config from "/home/user/studio/config/firebase/dataconnect": could not find dataconnect.yaml in `/home/user/studio/config/firebase/dataconnect`
E0920 07:44:43.353114     471 watch.go:31] Failed to load config from "/home/user/studio/config/firebase/dataconnect": could not find dataconnect.yaml in `/home/user/studio/config/firebase/dataconnect`
E0920 07:44:43.353170     471 watch.go:102] watchAllDir unable to walk dir `/home/user/studio/config/firebase/dataconnect`: lstat /home/user/studio/config/firebase/dataconnect: no such file or directory
E0920 07:44:53.360389     471 watch.go:31] Failed to load config from "/home/user/studio/config/firebase/dataconnect": could not find dataconnect.yaml in `/home/user/studio/config/firebase/dataconnect`
E0920 07:45:03.360788     471 watch.go:31] Failed to load config from "/home/user/studio/config/firebase/dataconnect": could not find dataconnect.yaml in `/home/user/studio/config/firebase/dataconnect`
E0920 07:45:13.353020     471 watch.go:31] Failed to load config from "/home/user/studio/config/firebase/dataconnect": could not find dataconnect.yaml in `/home/user/studio/config/firebase/dataconnect`
E0920 07:45:23.355632     471 watch.go:31] Failed to load config from "/home/user/studio/config/firebase/dataconnect": could not find dataconnect.yaml in `/home/user/studio/config/firebase/dataconnect`
E0920 07:45:33.361774     471 watch.go:31] Failed to load config from "/home/user/studio/config/firebase/dataconnect": could not find dataconnect.yaml in `/home/user/studio/config/firebase/dataconnect`
E0920 07:45:43.352839     471 watch.go:31] Failed to load config from "/home/user/studio/config/firebase/dataconnect": could not find dataconnect.yaml in `/home/user/studio/config/firebase/dataconnect`
E0920 07:45:53.361770     471 watch.go:31] Failed to load config from "/home/user/studio/config/firebase/dataconnect": could not find dataconnect.yaml in `/home/user/studio/config/firebase/dataconnect`
E0920 07:46:03.361830     471 watch.go:31] Failed to load config from "/home/user/studio/config/firebase/dataconnect": could not find dataconnect.yaml in `/home/user/studio/config/firebase/dataconnect`
E0920 07:46:13.355556     471 watch.go:31] Failed to load config from "/home/user/studio/config/firebase/dataconnect": could not find dataconnect.yaml in `/home/user/studio/config/firebase/dataconnect`
E0920 07:46:23.352409     471 watch.go:31] Failed to load config from "/home/user/studio/config/firebase/dataconnect": could not find dataconnect.yaml in `/home/user/studio/config/firebase/dataconnect`
E0920 07:46:33.361794     471 watch.go:31] Failed to load config from "/home/user/studio/config/firebase/dataconnect": could not find dataconnect.yaml in `/home/user/studio/config/firebase/dataconnect`
E0920 07:46:43.352990     471 watch.go:31] Failed to load config from "/home/user/studio/config/firebase/dataconnect": could not find dataconnect.yaml in `/home/user/studio/config/firebase/dataconnect`
E0920 07:46:43.353048     471 watch.go:102] watchAllDir unable to walk dir `/home/user/studio/config/firebase/dataconnect`: lstat /home/user/studio/config/firebase/dataconnect: no such file or directory
E0920 07:46:53.352371     471 watch.go:31] Failed to load config from "/home/user/studio/config/firebase/dataconnect": could not find dataconnect.yaml in `/home/user/studio/config/firebase/dataconnect`
E0920 07:47:03.361538     471 watch.go:31] Failed to load config from "/home/user/studio/config/firebase/dataconnect": could not find dataconnect.yaml in `/home/user/studio/config/firebase/dataconnect`
E0920 07:47:13.353201     471 watch.go:31] Failed to load config from "/home/user/studio/config/firebase/dataconnect": could not find dataconnect.yaml in `/home/user/studio/config/firebase/dataconnect`
E0920 07:47:23.360783     471 watch.go:31] Failed to load config from "/home/user/studio/config/firebase/dataconnect": could not find dataconnect.yaml in `/home/user/studio/config/firebase/dataconnect`
E0920 07:47:33.352393     471 watch.go:31] Failed to load config from "/home/user/studio/config/firebase/dataconnect": could not find dataconnect.yaml in `/home/user/studio/config/firebase/dataconnect`
E0920 07:47:43.353330     471 watch.go:31] Failed to load config from "/home/user/studio/config/firebase/dataconnect": could not find dataconnect.yaml in `/home/user/studio/config/firebase/dataconnect`
E0920 07:47:53.361031     471 watch.go:31] Failed to load config from "/home/user/studio/config/firebase/dataconnect": could not find dataconnect.yaml in `/home/user/studio/config/firebase/dataconnect`
E0920 07:48:03.361817     471 watch.go:31] Failed to load config from "/home/user/studio/config/firebase/dataconnect": could not find dataconnect.yaml in `/home/user/studio/config/firebase/dataconnect`
E0920 07:48:13.353052     471 watch.go:31] Failed to load config from "/home/user/studio/config/firebase/dataconnect": could not find dataconnect.yaml in `/home/user/studio/config/firebase/dataconnect`
E0920 07:48:23.352756     471 watch.go:31] Failed to load config from "/home/user/studio/config/firebase/dataconnect": could not find dataconnect.yaml in `/home/user/studio/config/firebase/dataconnect`
E0920 07:48:33.352354     471 watch.go:31] Failed to load config from "/home/user/studio/config/firebase/dataconnect": could not find dataconnect.yaml in `/home/user/studio/config/firebase/dataconnect`
E0920 07:48:43.352752     471 watch.go:31] Failed to load config from "/home/user/studio/config/firebase/dataconnect": could not find dataconnect.yaml in `/home/user/studio/config/firebase/dataconnect`
E0920 07:48:43.352816     471 watch.go:102] watchAllDir unable to walk dir `/home/user/studio/config/firebase/dataconnect`: lstat /home/user/studio/config/firebase/dataconnect: no such file or directory
E0920 07:48:53.361758     471 watch.go:31] Failed to load config from "/home/user/studio/config/firebase/dataconnect": could not find dataconnect.yaml in `/home/user/studio/config/firebase/dataconnect`
E0920 07:49:03.361722     471 watch.go:31] Failed to load config from "/home/user/studio/config/firebase/dataconnect": could not find dataconnect.yaml in `/home/user/studio/config/firebase/dataconnect`
E0920 07:49:13.353199     471 watch.go:31] Failed to load config from "/home/user/studio/config/firebase/dataconnect": could not find dataconnect.yaml in `/home/user/studio/config/firebase/dataconnect`
E0920 07:49:23.361929     471 watch.go:31] Failed to load config from "/home/user/studio/config/firebase/dataconnect": could not find dataconnect.yaml in `/home/user/studio/config/firebase/dataconnect`
E0920 07:49:33.362045     471 watch.go:31] Failed to load config from "/home/user/studio/config/firebase/dataconnect": could not find dataconnect.yaml in `/home/user/studio/config/firebase/dataconnect`
E0920 07:49:43.352547     471 watch.go:31] Failed to load config from "/home/user/studio/config/firebase/dataconnect": could not find dataconnect.yaml in `/home/user/studio/config/firebase/dataconnect`
E0920 07:49:53.353768     471 watch.go:31] Failed to load config from "/home/user/studio/config/firebase/dataconnect": could not find dataconnect.yaml in `/home/user/studio/config/firebase/dataconnect`
E0920 07:50:03.361966     471 watch.go:31] Failed to load config from "/home/user/studio/config/firebase/dataconnect": could not find dataconnect.yaml in `/home/user/studio/config/firebase/dataconnect`
E0920 07:50:13.352668     471 watch.go:31] Failed to load config from "/home/user/studio/config/firebase/dataconnect": could not find dataconnect.yaml in `/home/user/studio/config/firebase/dataconnect`
E0920 07:50:23.352412     471 watch.go:31] Failed to load config from "/home/user/studio/config/firebase/dataconnect": could not find dataconnect.yaml in `/home/user/studio/config/firebase/dataconnect`
E0920 07:50:33.352884     471 watch.go:31] Failed to load config from "/home/user/studio/config/firebase/dataconnect": could not find dataconnect.yaml in `/home/user/studio/config/firebase/dataconnect`
E0920 07:50:43.352913     471 watch.go:31] Failed to load config from "/home/user/studio/config/firebase/dataconnect": could not find dataconnect.yaml in `/home/user/studio/config/firebase/dataconnect`
E0920 07:50:43.352998     471 watch.go:102] watchAllDir unable to walk dir `/home/user/studio/config/firebase/dataconnect`: lstat /home/user/studio/config/firebase/dataconnect: no such file or directory
E0920 07:50:53.352399     471 watch.go:31] Failed to load config from "/home/user/studio/config/firebase/dataconnect": could not find dataconnect.yaml in `/home/user/studio/config/firebase/dataconnect`
E0920 07:51:03.361531     471 watch.go:31] Failed to load config from "/home/user/studio/config/firebase/dataconnect": could not find dataconnect.yaml in `/home/user/studio/config/firebase/dataconnect`
E0920 07:51:13.353164     471 watch.go:31] Failed to load config from "/home/user/studio/config/firebase/dataconnect": could not find dataconnect.yaml in `/home/user/studio/config/firebase/dataconnect`
E0920 07:51:23.355633     471 watch.go:31] Failed to load config from "/home/user/studio/config/firebase/dataconnect": could not find dataconnect.yaml in `/home/user/studio/config/firebase/dataconnect`
E0920 07:51:33.361922     471 watch.go:31] Failed to load config from "/home/user/studio/config/firebase/dataconnect": could not find dataconnect.yaml in `/home/user/studio/config/firebase/dataconnect`
E0920 07:51:43.352254     471 watch.go:31] Failed to load config from "/home/user/studio/config/firebase/dataconnect": could not find dataconnect.yaml in `/home/user/studio/config/firebase/dataconnect`
E0920 07:51:53.395735     471 watch.go:31] Failed to load config from "/home/user/studio/config/firebase/dataconnect": could not find dataconnect.yaml in `/home/user/studio/config/firebase/dataconnect`
E0920 07:52:03.360757     471 watch.go:31] Failed to load config from "/home/user/studio/config/firebase/dataconnect": could not find dataconnect.yaml in `/home/user/studio/config/firebase/dataconnect`
E0920 07:52:13.353010     471 watch.go:31] Failed to load config from "/home/user/studio/config/firebase/dataconnect": could not find dataconnect.yaml in `/home/user/studio/config/firebase/dataconnect`
E0920 07:52:23.352416     471 watch.go:31] Failed to load config from "/home/user/studio/config/firebase/dataconnect": could not find dataconnect.yaml in `/home/user/studio/config/firebase/dataconnect`
E0920 07:52:33.355710     471 watch.go:31] Failed to load config from "/home/user/studio/config/firebase/dataconnect": could not find dataconnect.yaml in `/home/user/studio/config/firebase/dataconnect`
E0920 07:52:43.352332     471 watch.go:31] Failed to load config from "/home/user/studio/config/firebase/dataconnect": could not find dataconnect.yaml in `/home/user/studio/config/firebase/dataconnect`
E0920 07:52:43.352391     471 watch.go:102] watchAllDir unable to walk dir `/home/user/studio/config/firebase/dataconnect`: lstat /home/user/studio/config/firebase/dataconnect: no such file or directory
E0920 07:52:53.361769     471 watch.go:31] Failed to load config from "/home/user/studio/config/firebase/dataconnect": could not find dataconnect.yaml in `/home/user/studio/config/firebase/dataconnect`
E0920 07:53:03.362019     471 watch.go:31] Failed to load config from "/home/user/studio/config/firebase/dataconnect": could not find dataconnect.yaml in `/home/user/studio/config/firebase/dataconnect`
E0920 07:53:13.352392     471 watch.go:31] Failed to load config from "/home/user/studio/config/firebase/dataconnect": could not find dataconnect.yaml in `/home/user/studio/config/firebase/dataconnect`
E0920 07:53:23.353769     471 watch.go:31] Failed to load config from "/home/user/studio/config/firebase/dataconnect": could not find dataconnect.yaml in `/home/user/studio/config/firebase/dataconnect`
E0920 07:53:33.355648     471 watch.go:31] Failed to load config from "/home/user/studio/config/firebase/dataconnect": could not find dataconnect.yaml in `/home/user/studio/config/firebase/dataconnect`
E0920 07:53:43.353058     471 watch.go:31] Failed to load config from "/home/user/studio/config/firebase/dataconnect": could not find dataconnect.yaml in `/home/user/studio/config/firebase/dataconnect`
E0920 07:53:53.355695     471 watch.go:31] Failed to load config from "/home/user/studio/config/firebase/dataconnect": could not find dataconnect.yaml in `/home/user/studio/config/firebase/dataconnect`
E0920 07:54:03.361834     471 watch.go:31] Failed to load config from "/home/user/studio/config/firebase/dataconnect": could not find dataconnect.yaml in `/home/user/studio/config/firebase/dataconnect`
E0920 07:54:13.353112     471 watch.go:31] Failed to load config from "/home/user/studio/config/firebase/dataconnect": could not find dataconnect.yaml in `/home/user/studio/config/firebase/dataconnect`
E0920 07:54:23.360778     471 watch.go:31] Failed to load config from "/home/user/studio/config/firebase/dataconnect": could not find dataconnect.yaml in `/home/user/studio/config/firebase/dataconnect`
E0920 07:54:33.361804     471 watch.go:31] Failed to load config from "/home/user/studio/config/firebase/dataconnect": could not find dataconnect.yaml in `/home/user/studio/config/firebase/dataconnect`
E0920 07:54:43.352879     471 watch.go:31] Failed to load config from "/home/user/studio/config/firebase/dataconnect": could not find dataconnect.yaml in `/home/user/studio/config/firebase/dataconnect`
E0920 07:54:43.352941     471 watch.go:102] watchAllDir unable to walk dir `/home/user/studio/config/firebase/dataconnect`: lstat /home/user/studio/config/firebase/dataconnect: no such file or directory
E0920 07:54:53.352344     471 watch.go:31] Failed to load config from "/home/user/studio/config/firebase/dataconnect": could not find dataconnect.yaml in `/home/user/studio/config/firebase/dataconnect`
E0920 07:55:03.355706     471 watch.go:31] Failed to load config from "/home/user/studio/config/firebase/dataconnect": could not find dataconnect.yaml in `/home/user/studio/config/firebase/dataconnect`
E0920 07:55:13.353087     471 watch.go:31] Failed to load config from "/home/user/studio/config/firebase/dataconnect": could not find dataconnect.yaml in `/home/user/studio/config/firebase/dataconnect`
E0920 07:55:23.358003     471 watch.go:31] Failed to load config from "/home/user/studio/config/firebase/dataconnect": could not find dataconnect.yaml in `/home/user/studio/config/firebase/dataconnect`
E0920 07:55:33.361880     471 watch.go:31] Failed to load config from "/home/user/studio/config/firebase/dataconnect": could not find dataconnect.yaml in `/home/user/studio/config/firebase/dataconnect`
E0920 07:55:43.353246     471 watch.go:31] Failed to load config from "/home/user/studio/config/firebase/dataconnect": could not find dataconnect.yaml in `/home/user/studio/config/firebase/dataconnect`
E0920 07:55:53.360719     471 watch.go:31] Failed to load config from "/home/user/studio/config/firebase/dataconnect": could not find dataconnect.yaml in `/home/user/studio/config/firebase/dataconnect`
E0920 07:56:03.361839     471 watch.go:31] Failed to load config from "/home/user/studio/config/firebase/dataconnect": could not find dataconnect.yaml in `/home/user/studio/config/firebase/dataconnect`
E0920 07:56:13.353236     471 watch.go:31] Failed to load config from "/home/user/studio/config/firebase/dataconnect": could not find dataconnect.yaml in `/home/user/studio/config/firebase/dataconnect`
E0920 07:56:23.360926     471 watch.go:31] Failed to load config from "/home/user/studio/config/firebase/dataconnect": could not find dataconnect.yaml in `/home/user/studio/config/firebase/dataconnect`
E0920 07:56:33.352477     471 watch.go:31] Failed to load config from "/home/user/studio/config/firebase/dataconnect": could not find dataconnect.yaml in `/home/user/studio/config/firebase/dataconnect`
E0920 07:56:43.352871     471 watch.go:31] Failed to load config from "/home/user/studio/config/firebase/dataconnect": could not find dataconnect.yaml in `/home/user/studio/config/firebase/dataconnect`
E0920 07:56:43.352949     471 watch.go:102] watchAllDir unable to walk dir `/home/user/studio/config/firebase/dataconnect`: lstat /home/user/studio/config/firebase/dataconnect: no such file or directory
E0920 07:56:53.352793     471 watch.go:31] Failed to load config from "/home/user/studio/config/firebase/dataconnect": could not find dataconnect.yaml in `/home/user/studio/config/firebase/dataconnect`
E0920 07:57:03.352432     471 watch.go:31] Failed to load config from "/home/user/studio/config/firebase/dataconnect": could not find dataconnect.yaml in `/home/user/studio/config/firebase/dataconnect`
E0920 07:57:13.353219     471 watch.go:31] Failed to load config from "/home/user/studio/config/firebase/dataconnect": could not find dataconnect.yaml in `/home/user/studio/config/firebase/dataconnect`
E0920 07:57:23.360116     471 watch.go:31] Failed to load config from "/home/user/studio/config/firebase/dataconnect": could not find dataconnect.yaml in `/home/user/studio/config/firebase/dataconnect`
E0920 07:57:33.361793     471 watch.go:31] Failed to load config from "/home/user/studio/config/firebase/dataconnect": could not find dataconnect.yaml in `/home/user/studio/config/firebase/dataconnect`
E0920 07:57:43.353063     471 watch.go:31] Failed to load config from "/home/user/studio/config/firebase/dataconnect": could not find dataconnect.yaml in `/home/user/studio/config/firebase/dataconnect`
E0920 07:57:53.360742     471 watch.go:31] Failed to load config from "/home/user/studio/config/firebase/dataconnect": could not find dataconnect.yaml in `/home/user/studio/config/firebase/dataconnect`
E0920 07:58:03.361834     471 watch.go:31] Failed to load config from "/home/user/studio/config/firebase/dataconnect": could not find dataconnect.yaml in `/home/user/studio/config/firebase/dataconnect`
E0920 07:58:13.353018     471 watch.go:31] Failed to load config from "/home/user/studio/config/firebase/dataconnect": could not find dataconnect.yaml in `/home/user/studio/config/firebase/dataconnect`
E0920 07:58:23.355686     471 watch.go:31] Failed to load config from "/home/user/studio/config/firebase/dataconnect": could not find dataconnect.yaml in `/home/user/studio/config/firebase/dataconnect`
E0920 07:58:33.361904     471 watch.go:31] Failed to load config from "/home/user/studio/config/firebase/dataconnect": could not find dataconnect.yaml in `/home/user/studio/config/firebase/dataconnect`
E0920 07:58:43.353024     471 watch.go:31] Failed to load config from "/home/user/studio/config/firebase/dataconnect": could not find dataconnect.yaml in `/home/user/studio/config/firebase/dataconnect`
E0920 07:58:43.353079     471 watch.go:102] watchAllDir unable to walk dir `/home/user/studio/config/firebase/dataconnect`: lstat /home/user/studio/config/firebase/dataconnect: no such file or directory
E0920 07:58:53.355654     471 watch.go:31] Failed to load config from "/home/user/studio/config/firebase/dataconnect": could not find dataconnect.yaml in `/home/user/studio/config/firebase/dataconnect`
E0920 07:59:03.352916     471 watch.go:31] Failed to load config from "/home/user/studio/config/firebase/dataconnect": could not find dataconnect.yaml in `/home/user/studio/config/firebase/dataconnect`
E0920 07:59:13.352986     471 watch.go:31] Failed to load config from "/home/user/studio/config/firebase/dataconnect": could not find dataconnect.yaml in `/home/user/studio/config/firebase/dataconnect`
E0920 07:59:23.361828     471 watch.go:31] Failed to load config from "/home/user/studio/config/firebase/dataconnect": could not find dataconnect.yaml in `/home/user/studio/config/firebase/dataconnect`
E0920 07:59:33.362005     471 watch.go:31] Failed to load config from "/home/user/studio/config/firebase/dataconnect": could not find dataconnect.yaml in `/home/user/studio/config/firebase/dataconnect`
E0920 07:59:43.353042     471 watch.go:31] Failed to load config from "/home/user/studio/config/firebase/dataconnect": could not find dataconnect.yaml in `/home/user/studio/config/firebase/dataconnect`
E0920 07:59:53.355693     471 watch.go:31] Failed to load config from "/home/user/studio/config/firebase/dataconnect": could not find dataconnect.yaml in `/home/user/studio/config/firebase/dataconnect`
E0920 08:00:03.361861     471 watch.go:31] Failed to load config from "/home/user/studio/config/firebase/dataconnect": could not find dataconnect.yaml in `/home/user/studio/config/firebase/dataconnect`
E0920 08:00:13.353286     471 watch.go:31] Failed to load config from "/home/user/studio/config/firebase/dataconnect": could not find dataconnect.yaml in `/home/user/studio/config/firebase/dataconnect`
E0920 08:00:23.360737     471 watch.go:31] Failed to load config from "/home/user/studio/config/firebase/dataconnect": could not find dataconnect.yaml in `/home/user/studio/config/firebase/dataconnect`
E0920 08:00:33.352417     471 watch.go:31] Failed to load config from "/home/user/studio/config/firebase/dataconnect": could not find dataconnect.yaml in `/home/user/studio/config/firebase/dataconnect`
E0920 08:00:43.352964     471 watch.go:31] Failed to load config from "/home/user/studio/config/firebase/dataconnect": could not find dataconnect.yaml in `/home/user/studio/config/firebase/dataconnect`
E0920 08:00:43.353021     471 watch.go:102] watchAllDir unable to walk dir `/home/user/studio/config/firebase/dataconnect`: lstat /home/user/studio/config/firebase/dataconnect: no such file or directory
E0920 08:00:53.362328     471 watch.go:31] Failed to load config from "/home/user/studio/config/firebase/dataconnect": could not find dataconnect.yaml in `/home/user/studio/config/firebase/dataconnect`
E0920 08:01:03.355636     471 watch.go:31] Failed to load config from "/home/user/studio/config/firebase/dataconnect": could not find dataconnect.yaml in `/home/user/studio/config/firebase/dataconnect`
E0920 08:01:13.352337     471 watch.go:31] Failed to load config from "/home/user/studio/config/firebase/dataconnect": could not find dataconnect.yaml in `/home/user/studio/config/firebase/dataconnect`
E0920 08:01:23.361846     471 watch.go:31] Failed to load config from "/home/user/studio/config/firebase/dataconnect": could not find dataconnect.yaml in `/home/user/studio/config/firebase/dataconnect`
E0920 08:01:33.362076     471 watch.go:31] Failed to load config from "/home/user/studio/config/firebase/dataconnect": could not find dataconnect.yaml in `/home/user/studio/config/firebase/dataconnect`
E0920 08:01:43.352512     471 watch.go:31] Failed to load config from "/home/user/studio/config/firebase/dataconnect": could not find dataconnect.yaml in `/home/user/studio/config/firebase/dataconnect`
E0920 08:01:53.355423     471 watch.go:31] Failed to load config from "/home/user/studio/config/firebase/dataconnect": could not find dataconnect.yaml in `/home/user/studio/config/firebase/dataconnect`
E0920 08:02:03.355664     471 watch.go:31] Failed to load config from "/home/user/studio/config/firebase/dataconnect": could not find dataconnect.yaml in `/home/user/studio/config/firebase/dataconnect`
E0920 08:02:13.352849     471 watch.go:31] Failed to load config from "/home/user/studio/config/firebase/dataconnect": could not find dataconnect.yaml in `/home/user/studio/config/firebase/dataconnect`
E0920 08:02:23.355655     471 watch.go:31] Failed to load config from "/home/user/studio/config/firebase/dataconnect": could not find dataconnect.yaml in `/home/user/studio/config/firebase/dataconnect`
E0920 08:02:33.352401     471 watch.go:31] Failed to load config from "/home/user/studio/config/firebase/dataconnect": could not find dataconnect.yaml in `/home/user/studio/config/firebase/dataconnect`
E0920 08:02:43.353257     471 watch.go:31] Failed to load config from "/home/user/studio/config/firebase/dataconnect": could not find dataconnect.yaml in `/home/user/studio/config/firebase/dataconnect`
E0920 08:02:43.353316     471 watch.go:102] watchAllDir unable to walk dir `/home/user/studio/config/firebase/dataconnect`: lstat /home/user/studio/config/firebase/dataconnect: no such file or directory
E0920 08:02:53.355807     471 watch.go:31] Failed to load config from "/home/user/studio/config/firebase/dataconnect": could not find dataconnect.yaml in `/home/user/studio/config/firebase/dataconnect`
E0920 08:03:03.355692     471 watch.go:31] Failed to load config from "/home/user/studio/config/firebase/dataconnect": could not find dataconnect.yaml in `/home/user/studio/config/firebase/dataconnect`
E0920 08:03:13.352864     471 watch.go:31] Failed to load config from "/home/user/studio/config/firebase/dataconnect": could not find dataconnect.yaml in `/home/user/studio/config/firebase/dataconnect`
E0920 08:03:23.352392     471 watch.go:31] Failed to load config from "/home/user/studio/config/firebase/dataconnect": could not find dataconnect.yaml in `/home/user/studio/config/firebase/dataconnect`
E0920 08:03:33.353550     471 watch.go:31] Failed to load config from "/home/user/studio/config/firebase/dataconnect": could not find dataconnect.yaml in `/home/user/studio/config/firebase/dataconnect`
E0920 08:03:43.352945     471 watch.go:31] Failed to load config from "/home/user/studio/config/firebase/dataconnect": could not find dataconnect.yaml in `/home/user/studio/config/firebase/dataconnect`
E0920 08:03:53.355660     471 watch.go:31] Failed to load config from "/home/user/studio/config/firebase/dataconnect": could not find dataconnect.yaml in `/home/user/studio/config/firebase/dataconnect`
E0920 08:04:03.361924     471 watch.go:31] Failed to load config from "/home/user/studio/config/firebase/dataconnect": could not find dataconnect.yaml in `/home/user/studio/config/firebase/dataconnect`
E0920 08:04:13.353466     471 watch.go:31] Failed to load config from "/home/user/studio/config/firebase/dataconnect": could not find dataconnect.yaml in `/home/user/studio/config/firebase/dataconnect`
E0920 08:04:23.362068     471 watch.go:31] Failed to load config from "/home/user/studio/config/firebase/dataconnect": could not find dataconnect.yaml in `/home/user/studio/config/firebase/dataconnect`
E0920 08:04:33.355669     471 watch.go:31] Failed to load config from "/home/user/studio/config/firebase/dataconnect": could not find dataconnect.yaml in `/home/user/studio/config/firebase/dataconnect`
E0920 08:04:43.353052     471 watch.go:31] Failed to load config from "/home/user/studio/config/firebase/dataconnect": could not find dataconnect.yaml in `/home/user/studio/config/firebase/dataconnect`
E0920 08:04:43.353110     471 watch.go:102] watchAllDir unable to walk dir `/home/user/studio/config/firebase/dataconnect`: lstat /home/user/studio/config/firebase/dataconnect: no such file or directory
E0920 08:04:53.355710     471 watch.go:31] Failed to load config from "/home/user/studio/config/firebase/dataconnect": could not find dataconnect.yaml in `/home/user/studio/config/firebase/dataconnect`
E0920 08:05:03.355637     471 watch.go:31] Failed to load config from "/home/user/studio/config/firebase/dataconnect": could not find dataconnect.yaml in `/home/user/studio/config/firebase/dataconnect`
E0920 08:05:13.353075     471 watch.go:31] Failed to load config from "/home/user/studio/config/firebase/dataconnect": could not find dataconnect.yaml in `/home/user/studio/config/firebase/dataconnect`
E0920 08:05:23.352809     471 watch.go:31] Failed to load config from "/home/user/studio/config/firebase/dataconnect": could not find dataconnect.yaml in `/home/user/studio/config/firebase/dataconnect`
E0920 08:05:33.352441     471 watch.go:31] Failed to load config from "/home/user/studio/config/firebase/dataconnect": could not find dataconnect.yaml in `/home/user/studio/config/firebase/dataconnect`
E0920 08:05:43.353150     471 watch.go:31] Failed to load config from "/home/user/studio/config/firebase/dataconnect": could not find dataconnect.yaml in `/home/user/studio/config/firebase/dataconnect`
E0920 08:05:53.355457     471 watch.go:31] Failed to load config from "/home/user/studio/config/firebase/dataconnect": could not find dataconnect.yaml in `/home/user/studio/config/firebase/dataconnect`
E0920 08:06:03.355774     471 watch.go:31] Failed to load config from "/home/user/studio/config/firebase/dataconnect": could not find dataconnect.yaml in `/home/user/studio/config/firebase/dataconnect`
E0920 08:06:13.353235     471 watch.go:31] Failed to load config from "/home/user/studio/config/firebase/dataconnect": could not find dataconnect.yaml in `/home/user/studio/config/firebase/dataconnect`
E0920 08:06:23.361548     471 watch.go:31] Failed to load config from "/home/user/studio/config/firebase/dataconnect": could not find dataconnect.yaml in `/home/user/studio/config/firebase/dataconnect`
E0920 08:06:33.355355     471 watch.go:31] Failed to load config from "/home/user/studio/config/firebase/dataconnect": could not find dataconnect.yaml in `/home/user/studio/config/firebase/dataconnect`
E0920 08:06:43.353005     471 watch.go:31] Failed to load config from "/home/user/studio/config/firebase/dataconnect": could not find dataconnect.yaml in `/home/user/studio/config/firebase/dataconnect`
E0920 08:06:43.353062     471 watch.go:102] watchAllDir unable to walk dir `/home/user/studio/config/firebase/dataconnect`: lstat /home/user/studio/config/firebase/dataconnect: no such file or directory
E0920 08:06:53.352393     471 watch.go:31] Failed to load config from "/home/user/studio/config/firebase/dataconnect": could not find dataconnect.yaml in `/home/user/studio/config/firebase/dataconnect`
E0920 08:07:03.360713     471 watch.go:31] Failed to load config from "/home/user/studio/config/firebase/dataconnect": could not find dataconnect.yaml in `/home/user/studio/config/firebase/dataconnect`
E0920 08:07:13.353125     471 watch.go:31] Failed to load config from "/home/user/studio/config/firebase/dataconnect": could not find dataconnect.yaml in `/home/user/studio/config/firebase/dataconnect`
E0920 08:07:23.361448     471 watch.go:31] Failed to load config from "/home/user/studio/config/firebase/dataconnect": could not find dataconnect.yaml in `/home/user/studio/config/firebase/dataconnect`
E0920 08:07:33.352811     471 watch.go:31] Failed to load config from "/home/user/studio/config/firebase/dataconnect": could not find dataconnect.yaml in `/home/user/studio/config/firebase/dataconnect`
E0920 08:07:43.353122     471 watch.go:31] Failed to load config from "/home/user/studio/config/firebase/dataconnect": could not find dataconnect.yaml in `/home/user/studio/config/firebase/dataconnect`
E0920 08:07:53.352365     471 watch.go:31] Failed to load config from "/home/user/studio/config/firebase/dataconnect": could not find dataconnect.yaml in `/home/user/studio/config/firebase/dataconnect`
E0920 08:08:03.361494     471 watch.go:31] Failed to load config from "/home/user/studio/config/firebase/dataconnect": could not find dataconnect.yaml in `/home/user/studio/config/firebase/dataconnect`
E0920 08:08:13.353085     471 watch.go:31] Failed to load config from "/home/user/studio/config/firebase/dataconnect": could not find dataconnect.yaml in `/home/user/studio/config/firebase/dataconnect`
E0920 08:08:23.361386     471 watch.go:31] Failed to load config from "/home/user/studio/config/firebase/dataconnect": could not find dataconnect.yaml in `/home/user/studio/config/firebase/dataconnect`
E0920 08:08:33.360765     471 watch.go:31] Failed to load config from "/home/user/studio/config/firebase/dataconnect": could not find dataconnect.yaml in `/home/user/studio/config/firebase/dataconnect`
E0920 08:08:43.352882     471 watch.go:31] Failed to load config from "/home/user/studio/config/firebase/dataconnect": could not find dataconnect.yaml in `/home/user/studio/config/firebase/dataconnect`
E0920 08:08:43.352956     471 watch.go:102] watchAllDir unable to walk dir `/home/user/studio/config/firebase/dataconnect`: lstat /home/user/studio/config/firebase/dataconnect: no such file or directory
E0920 08:08:53.361758     471 watch.go:31] Failed to load config from "/home/user/studio/config/firebase/dataconnect": could not find dataconnect.yaml in `/home/user/studio/config/firebase/dataconnect`
E0920 08:09:03.361882     471 watch.go:31] Failed to load config from "/home/user/studio/config/firebase/dataconnect": could not find dataconnect.yaml in `/home/user/studio/config/firebase/dataconnect`
E0920 08:09:13.353244     471 watch.go:31] Failed to load config from "/home/user/studio/config/firebase/dataconnect": could not find dataconnect.yaml in `/home/user/studio/config/firebase/dataconnect`
E0920 08:09:23.360752     471 watch.go:31] Failed to load config from "/home/user/studio/config/firebase/dataconnect": could not find dataconnect.yaml in `/home/user/studio/config/firebase/dataconnect`
E0920 08:09:33.361533     471 watch.go:31] Failed to load config from "/home/user/studio/config/firebase/dataconnect": could not find dataconnect.yaml in `/home/user/studio/config/firebase/dataconnect`
E0920 08:09:43.352385     471 watch.go:31] Failed to load config from "/home/user/studio/config/firebase/dataconnect": could not find dataconnect.yaml in `/home/user/studio/config/firebase/dataconnect`
E0920 08:09:53.358867     471 watch.go:31] Failed to load config from "/home/user/studio/config/firebase/dataconnect": could not find dataconnect.yaml in `/home/user/studio/config/firebase/dataconnect`
E0920 08:10:03.355593     471 watch.go:31] Failed to load config from "/home/user/studio/config/firebase/dataconnect": could not find dataconnect.yaml in `/home/user/studio/config/firebase/dataconnect`
E0920 08:10:13.353090     471 watch.go:31] Failed to load config from "/home/user/studio/config/firebase/dataconnect": could not find dataconnect.yaml in `/home/user/studio/config/firebase/dataconnect`
E0920 08:10:23.355645     471 watch.go:31] Failed to load config from "/home/user/studio/config/firebase/dataconnect": could not find dataconnect.yaml in `/home/user/studio/config/firebase/dataconnect`
E0920 08:10:33.361795     471 watch.go:31] Failed to load config from "/home/user/studio/config/firebase/dataconnect": could not find dataconnect.yaml in `/home/user/studio/config/firebase/dataconnect`
E0920 08:10:43.352988     471 watch.go:31] Failed to load config from "/home/user/studio/config/firebase/dataconnect": could not find dataconnect.yaml in `/home/user/studio/config/firebase/dataconnect`
E0920 08:10:43.353042     471 watch.go:102] watchAllDir unable to walk dir `/home/user/studio/config/firebase/dataconnect`: lstat /home/user/studio/config/firebase/dataconnect: no such file or directory
E0920 08:10:53.361902     471 watch.go:31] Failed to load config from "/home/user/studio/config/firebase/dataconnect": could not find dataconnect.yaml in `/home/user/studio/config/firebase/dataconnect`
E0920 08:11:03.354052     471 watch.go:31] Failed to load config from "/home/user/studio/config/firebase/dataconnect": could not find dataconnect.yaml in `/home/user/studio/config/firebase/dataconnect`
E0920 08:11:13.353161     471 watch.go:31] Failed to load config from "/home/user/studio/config/firebase/dataconnect": could not find dataconnect.yaml in `/home/user/studio/config/firebase/dataconnect`
E0920 08:11:23.355659     471 watch.go:31] Failed to load config from "/home/user/studio/config/firebase/dataconnect": could not find dataconnect.yaml in `/home/user/studio/config/firebase/dataconnect`
E0920 08:11:33.356824     471 watch.go:31] Failed to load config from "/home/user/studio/config/firebase/dataconnect": could not find dataconnect.yaml in `/home/user/studio/config/firebase/dataconnect`
E0920 08:11:43.352746     471 watch.go:31] Failed to load config from "/home/user/studio/config/firebase/dataconnect": could not find dataconnect.yaml in `/home/user/studio/config/firebase/dataconnect`
E0920 08:11:53.352442     471 watch.go:31] Failed to load config from "/home/user/studio/config/firebase/dataconnect": could not find dataconnect.yaml in `/home/user/studio/config/firebase/dataconnect`
E0920 08:12:03.352424     471 watch.go:31] Failed to load config from "/home/user/studio/config/firebase/dataconnect": could not find dataconnect.yaml in `/home/user/studio/config/firebase/dataconnect`
E0920 08:12:13.352790     471 watch.go:31] Failed to load config from "/home/user/studio/config/firebase/dataconnect": could not find dataconnect.yaml in `/home/user/studio/config/firebase/dataconnect`
E0920 08:12:23.361962     471 watch.go:31] Failed to load config from "/home/user/studio/config/firebase/dataconnect": could not find dataconnect.yaml in `/home/user/studio/config/firebase/dataconnect`
E0920 08:12:33.355630     471 watch.go:31] Failed to load config from "/home/user/studio/config/firebase/dataconnect": could not find dataconnect.yaml in `/home/user/studio/config/firebase/dataconnect`
E0920 08:12:43.353013     471 watch.go:31] Failed to load config from "/home/user/studio/config/firebase/dataconnect": could not find dataconnect.yaml in `/home/user/studio/config/firebase/dataconnect`
E0920 08:12:43.353072     471 watch.go:102] watchAllDir unable to walk dir `/home/user/studio/config/firebase/dataconnect`: lstat /home/user/studio/config/firebase/dataconnect: no such file or directory
E0920 08:12:53.355633     471 watch.go:31] Failed to load config from "/home/user/studio/config/firebase/dataconnect": could not find dataconnect.yaml in `/home/user/studio/config/firebase/dataconnect`
E0920 08:13:03.360358     471 watch.go:31] Failed to load config from "/home/user/studio/config/firebase/dataconnect": could not find dataconnect.yaml in `/home/user/studio/config/firebase/dataconnect`
E0920 08:13:13.352982     471 watch.go:31] Failed to load config from "/home/user/studio/config/firebase/dataconnect": could not find dataconnect.yaml in `/home/user/studio/config/firebase/dataconnect`
E0920 08:13:23.361794     471 watch.go:31] Failed to load config from "/home/user/studio/config/firebase/dataconnect": could not find dataconnect.yaml in `/home/user/studio/config/firebase/dataconnect`
E0920 08:13:33.355739     471 watch.go:31] Failed to load config from "/home/user/studio/config/firebase/dataconnect": could not find dataconnect.yaml in `/home/user/studio/config/firebase/dataconnect`
E0920 08:13:43.352599     471 watch.go:31] Failed to load config from "/home/user/studio/config/firebase/dataconnect": could not find dataconnect.yaml in `/home/user/studio/config/firebase/dataconnect`
E0920 08:13:53.352772     471 watch.go:31] Failed to load config from "/home/user/studio/config/firebase/dataconnect": could not find dataconnect.yaml in `/home/user/studio/config/firebase/dataconnect`
E0920 08:14:03.352452     471 watch.go:31] Failed to load config from "/home/user/studio/config/firebase/dataconnect": could not find dataconnect.yaml in `/home/user/studio/config/firebase/dataconnect`
E0920 08:14:13.352506     471 watch.go:31] Failed to load config from "/home/user/studio/config/firebase/dataconnect": could not find dataconnect.yaml in `/home/user/studio/config/firebase/dataconnect`
E0920 08:14:23.361852     471 watch.go:31] Failed to load config from "/home/user/studio/config/firebase/dataconnect": could not find dataconnect.yaml in `/home/user/studio/config/firebase/dataconnect`
E0920 08:14:33.362702     471 watch.go:31] Failed to load config from "/home/user/studio/config/firebase/dataconnect": could not find dataconnect.yaml in `/home/user/studio/config/firebase/dataconnect`
E0920 08:14:43.353115     471 watch.go:31] Failed to load config from "/home/user/studio/config/firebase/dataconnect": could not find dataconnect.yaml in `/home/user/studio/config/firebase/dataconnect`
E0920 08:14:43.353378     471 watch.go:102] watchAllDir unable to walk dir `/home/user/studio/config/firebase/dataconnect`: lstat /home/user/studio/config/firebase/dataconnect: no such file or directory
E0920 08:14:53.362175     471 watch.go:31] Failed to load config from "/home/user/studio/config/firebase/dataconnect": could not find dataconnect.yaml in `/home/user/studio/config/firebase/dataconnect`
